  0%|          | 0/11 [00:00<?, ?it/s]Traceback (most recent call last):
  File "get_spectrogram.py", line 52, in <module>
    fire.Fire({'run': e.iter_get_spectrogram})
  File "/usr/local/lib/python2.7/dist-packages/fire/core.py", line 127, in Fire
    component_trace = _Fire(component, args, context, name)
  File "/usr/local/lib/python2.7/dist-packages/fire/core.py", line 366, in _Fire
    component, remaining_args)
  File "/usr/local/lib/python2.7/dist-packages/fire/core.py", line 542, in _CallCallable
    result = fn(*varargs, **kwargs)
  File "get_spectrogram.py", line 47, in iter_get_spectrogram
    spec = self.get_spectrogram(fn)
  File "get_spectrogram.py", line 24, in get_spectrogram
    X = self.ap.mel(self.ap.forward(self.ap.load(fn)), logamp=True)
  File "preprocessing/audio.py", line 26, in load
    return librosa.load(fn, sr=self.sr, mono=self.mono)[0]
  File "/usr/local/lib/python2.7/dist-packages/librosa/core/audio.py", line 126, in load
    for frame in input_file:
  File "/usr/local/lib/python2.7/dist-packages/audioread/ffdec.py", line 181, in read_data
    ''.join(self.stderr_reader.queue.queue)
audioread.ffdec.ReadTimeoutError: ffmpeg output: 
